[ERROR] Failed to execute goal org.apache.maven.plugins:maven-compiler-plugin:3.8.1:compile (default-compile) on project my-app: Compilation failure
[ERROR] /home/runner/work/my-app/src/main/java/com/example/App.java:[14,25] ';' expected
[ERROR] /home/runner/work/my-app/src/main/java/com/example/App.java:[22,30] package java.util.lists does not exist
[ERROR] -> [Help 1]
[ERROR] 
[ERROR] To see the full stack trace of the errors, re-run Maven with the -e switch.
[ERROR] Re-run Maven using the -X switch to enable full debug logging.
